CRITICAL - 2022-03-31 00:02:21 --> foreach() argument must be of type array|object, null given
#0 C:\xampp7.3.31\htdocs\personal\backend\system\HTTP\RequestTrait.php(233): CodeIgniter\Debug\Exceptions->errorHandler(2, 'foreach() argum...', 'C:\\xampp7.3.31\\...', 233)
#1 C:\xampp7.3.31\htdocs\personal\backend\system\HTTP\IncomingRequest.php(503): CodeIgniter\HTTP\Request->fetchGlobal('request', NULL, 516, 0)
#2 C:\xampp7.3.31\htdocs\personal\backend\system\Validation\Validation.php(350): CodeIgniter\HTTP\IncomingRequest->getVar()
#3 C:\xampp7.3.31\htdocs\personal\backend\system\Controller.php(160): CodeIgniter\Validation\Validation->withRequest(Object(CodeIgniter\HTTP\IncomingRequest))
#4 C:\xampp7.3.31\htdocs\personal\backend\app\Controllers\Kullanicilar.php(94): CodeIgniter\Controller->validate(Array)
#5 C:\xampp7.3.31\htdocs\personal\backend\system\CodeIgniter.php(832): App\Controllers\Kullanicilar->create()
#6 C:\xampp7.3.31\htdocs\personal\backend\system\CodeIgniter.php(419): CodeIgniter\CodeIgniter->runController(Object(App\Controllers\Kullanicilar))
#7 C:\xampp7.3.31\htdocs\personal\backend\system\CodeIgniter.php(326): CodeIgniter\CodeIgniter->handleRequest(NULL, Object(Config\Cache), false)
#8 C:\xampp7.3.31\htdocs\personal\backend\public\index.php(37): CodeIgniter\CodeIgniter->run()
#9 C:\xampp7.3.31\htdocs\personal\backend\system\Commands\Server\rewrite.php(43): require_once('C:\\xampp7.3.31\\...')
#10 {main}
CRITICAL - 2022-03-31 00:02:25 --> foreach() argument must be of type array|object, null given
#0 C:\xampp7.3.31\htdocs\personal\backend\system\HTTP\RequestTrait.php(233): CodeIgniter\Debug\Exceptions->errorHandler(2, 'foreach() argum...', 'C:\\xampp7.3.31\\...', 233)
#1 C:\xampp7.3.31\htdocs\personal\backend\system\HTTP\IncomingRequest.php(503): CodeIgniter\HTTP\Request->fetchGlobal('request', NULL, 516, 0)
#2 C:\xampp7.3.31\htdocs\personal\backend\system\Validation\Validation.php(350): CodeIgniter\HTTP\IncomingRequest->getVar()
#3 C:\xampp7.3.31\htdocs\personal\backend\system\Controller.php(160): CodeIgniter\Validation\Validation->withRequest(Object(CodeIgniter\HTTP\IncomingRequest))
#4 C:\xampp7.3.31\htdocs\personal\backend\app\Controllers\Kullanicilar.php(94): CodeIgniter\Controller->validate(Array)
#5 C:\xampp7.3.31\htdocs\personal\backend\system\CodeIgniter.php(832): App\Controllers\Kullanicilar->create()
#6 C:\xampp7.3.31\htdocs\personal\backend\system\CodeIgniter.php(419): CodeIgniter\CodeIgniter->runController(Object(App\Controllers\Kullanicilar))
#7 C:\xampp7.3.31\htdocs\personal\backend\system\CodeIgniter.php(326): CodeIgniter\CodeIgniter->handleRequest(NULL, Object(Config\Cache), false)
#8 C:\xampp7.3.31\htdocs\personal\backend\public\index.php(37): CodeIgniter\CodeIgniter->run()
#9 C:\xampp7.3.31\htdocs\personal\backend\system\Commands\Server\rewrite.php(43): require_once('C:\\xampp7.3.31\\...')
#10 {main}
CRITICAL - 2022-03-31 00:02:29 --> foreach() argument must be of type array|object, null given
#0 C:\xampp7.3.31\htdocs\personal\backend\system\HTTP\RequestTrait.php(233): CodeIgniter\Debug\Exceptions->errorHandler(2, 'foreach() argum...', 'C:\\xampp7.3.31\\...', 233)
#1 C:\xampp7.3.31\htdocs\personal\backend\system\HTTP\IncomingRequest.php(503): CodeIgniter\HTTP\Request->fetchGlobal('request', NULL, 516, 0)
#2 C:\xampp7.3.31\htdocs\personal\backend\system\Validation\Validation.php(350): CodeIgniter\HTTP\IncomingRequest->getVar()
#3 C:\xampp7.3.31\htdocs\personal\backend\system\Controller.php(160): CodeIgniter\Validation\Validation->withRequest(Object(CodeIgniter\HTTP\IncomingRequest))
#4 C:\xampp7.3.31\htdocs\personal\backend\app\Controllers\Kullanicilar.php(94): CodeIgniter\Controller->validate(Array)
#5 C:\xampp7.3.31\htdocs\personal\backend\system\CodeIgniter.php(832): App\Controllers\Kullanicilar->create()
#6 C:\xampp7.3.31\htdocs\personal\backend\system\CodeIgniter.php(419): CodeIgniter\CodeIgniter->runController(Object(App\Controllers\Kullanicilar))
#7 C:\xampp7.3.31\htdocs\personal\backend\system\CodeIgniter.php(326): CodeIgniter\CodeIgniter->handleRequest(NULL, Object(Config\Cache), false)
#8 C:\xampp7.3.31\htdocs\personal\backend\public\index.php(37): CodeIgniter\CodeIgniter->run()
#9 C:\xampp7.3.31\htdocs\personal\backend\system\Commands\Server\rewrite.php(43): require_once('C:\\xampp7.3.31\\...')
#10 {main}
ERROR - 2022-03-31 00:27:58 --> Unknown column 'kullanicilar.deleted_at' in 'where clause'
CRITICAL - 2022-03-31 00:27:58 --> Unknown column 'kullanicilar.deleted_at' in 'where clause'
#0 C:\xampp7.3.31\htdocs\personal\backend\system\Database\MySQLi\Connection.php(292): mysqli->query('SELECT *\nFROM `...', 0)
#1 C:\xampp7.3.31\htdocs\personal\backend\system\Database\BaseConnection.php(670): CodeIgniter\Database\MySQLi\Connection->execute('SELECT *\nFROM `...')
#2 C:\xampp7.3.31\htdocs\personal\backend\system\Database\BaseConnection.php(598): CodeIgniter\Database\BaseConnection->simpleQuery('SELECT *\nFROM `...')
#3 C:\xampp7.3.31\htdocs\personal\backend\system\Database\BaseBuilder.php(1455): CodeIgniter\Database\BaseConnection->query('SELECT *\nFROM `...', Array, false)
#4 C:\xampp7.3.31\htdocs\personal\backend\system\Model.php(210): CodeIgniter\Database\BaseBuilder->get()
#5 C:\xampp7.3.31\htdocs\personal\backend\system\BaseModel.php(622): CodeIgniter\Model->doFirst()
#6 C:\xampp7.3.31\htdocs\personal\backend\app\Controllers\Auth.php(95): CodeIgniter\BaseModel->first()
#7 C:\xampp7.3.31\htdocs\personal\backend\system\CodeIgniter.php(832): App\Controllers\Auth->Refresh()
#8 C:\xampp7.3.31\htdocs\personal\backend\system\CodeIgniter.php(419): CodeIgniter\CodeIgniter->runController(Object(App\Controllers\Auth))
#9 C:\xampp7.3.31\htdocs\personal\backend\system\CodeIgniter.php(326): CodeIgniter\CodeIgniter->handleRequest(NULL, Object(Config\Cache), false)
#10 C:\xampp7.3.31\htdocs\personal\backend\public\index.php(37): CodeIgniter\CodeIgniter->run()
#11 C:\xampp7.3.31\htdocs\personal\backend\system\Commands\Server\rewrite.php(43): require_once('C:\\xampp7.3.31\\...')
#12 {main}
ERROR - 2022-03-31 00:29:15 --> Unknown column 'kullanicilar.deleted_at' in 'where clause'
CRITICAL - 2022-03-31 00:29:15 --> Unknown column 'kullanicilar.deleted_at' in 'where clause'
#0 C:\xampp7.3.31\htdocs\personal\backend\system\Database\MySQLi\Connection.php(292): mysqli->query('SELECT *\nFROM `...', 0)
#1 C:\xampp7.3.31\htdocs\personal\backend\system\Database\BaseConnection.php(670): CodeIgniter\Database\MySQLi\Connection->execute('SELECT *\nFROM `...')
#2 C:\xampp7.3.31\htdocs\personal\backend\system\Database\BaseConnection.php(598): CodeIgniter\Database\BaseConnection->simpleQuery('SELECT *\nFROM `...')
#3 C:\xampp7.3.31\htdocs\personal\backend\system\Database\BaseBuilder.php(1455): CodeIgniter\Database\BaseConnection->query('SELECT *\nFROM `...', Array, false)
#4 C:\xampp7.3.31\htdocs\personal\backend\system\Model.php(210): CodeIgniter\Database\BaseBuilder->get()
#5 C:\xampp7.3.31\htdocs\personal\backend\system\BaseModel.php(622): CodeIgniter\Model->doFirst()
#6 C:\xampp7.3.31\htdocs\personal\backend\app\Controllers\Auth.php(60): CodeIgniter\BaseModel->first()
#7 C:\xampp7.3.31\htdocs\personal\backend\system\CodeIgniter.php(832): App\Controllers\Auth->login()
#8 C:\xampp7.3.31\htdocs\personal\backend\system\CodeIgniter.php(419): CodeIgniter\CodeIgniter->runController(Object(App\Controllers\Auth))
#9 C:\xampp7.3.31\htdocs\personal\backend\system\CodeIgniter.php(326): CodeIgniter\CodeIgniter->handleRequest(NULL, Object(Config\Cache), false)
#10 C:\xampp7.3.31\htdocs\personal\backend\public\index.php(37): CodeIgniter\CodeIgniter->run()
#11 C:\xampp7.3.31\htdocs\personal\backend\system\Commands\Server\rewrite.php(43): require_once('C:\\xampp7.3.31\\...')
#12 {main}
ERROR - 2022-03-31 00:29:19 --> Unknown column 'kullanicilar.deleted_at' in 'where clause'
CRITICAL - 2022-03-31 00:29:19 --> Unknown column 'kullanicilar.deleted_at' in 'where clause'
#0 C:\xampp7.3.31\htdocs\personal\backend\system\Database\MySQLi\Connection.php(292): mysqli->query('SELECT *\nFROM `...', 0)
#1 C:\xampp7.3.31\htdocs\personal\backend\system\Database\BaseConnection.php(670): CodeIgniter\Database\MySQLi\Connection->execute('SELECT *\nFROM `...')
#2 C:\xampp7.3.31\htdocs\personal\backend\system\Database\BaseConnection.php(598): CodeIgniter\Database\BaseConnection->simpleQuery('SELECT *\nFROM `...')
#3 C:\xampp7.3.31\htdocs\personal\backend\system\Database\BaseBuilder.php(1455): CodeIgniter\Database\BaseConnection->query('SELECT *\nFROM `...', Array, false)
#4 C:\xampp7.3.31\htdocs\personal\backend\system\Model.php(210): CodeIgniter\Database\BaseBuilder->get()
#5 C:\xampp7.3.31\htdocs\personal\backend\system\BaseModel.php(622): CodeIgniter\Model->doFirst()
#6 C:\xampp7.3.31\htdocs\personal\backend\app\Controllers\Auth.php(60): CodeIgniter\BaseModel->first()
#7 C:\xampp7.3.31\htdocs\personal\backend\system\CodeIgniter.php(832): App\Controllers\Auth->login()
#8 C:\xampp7.3.31\htdocs\personal\backend\system\CodeIgniter.php(419): CodeIgniter\CodeIgniter->runController(Object(App\Controllers\Auth))
#9 C:\xampp7.3.31\htdocs\personal\backend\system\CodeIgniter.php(326): CodeIgniter\CodeIgniter->handleRequest(NULL, Object(Config\Cache), false)
#10 C:\xampp7.3.31\htdocs\personal\backend\public\index.php(37): CodeIgniter\CodeIgniter->run()
#11 C:\xampp7.3.31\htdocs\personal\backend\system\Commands\Server\rewrite.php(43): require_once('C:\\xampp7.3.31\\...')
#12 {main}
ERROR - 2022-03-31 00:29:22 --> Unknown column 'kullanicilar.deleted_at' in 'where clause'
CRITICAL - 2022-03-31 00:29:22 --> Unknown column 'kullanicilar.deleted_at' in 'where clause'
#0 C:\xampp7.3.31\htdocs\personal\backend\system\Database\MySQLi\Connection.php(292): mysqli->query('SELECT *\nFROM `...', 0)
#1 C:\xampp7.3.31\htdocs\personal\backend\system\Database\BaseConnection.php(670): CodeIgniter\Database\MySQLi\Connection->execute('SELECT *\nFROM `...')
#2 C:\xampp7.3.31\htdocs\personal\backend\system\Database\BaseConnection.php(598): CodeIgniter\Database\BaseConnection->simpleQuery('SELECT *\nFROM `...')
#3 C:\xampp7.3.31\htdocs\personal\backend\system\Database\BaseBuilder.php(1455): CodeIgniter\Database\BaseConnection->query('SELECT *\nFROM `...', Array, false)
#4 C:\xampp7.3.31\htdocs\personal\backend\system\Model.php(210): CodeIgniter\Database\BaseBuilder->get()
#5 C:\xampp7.3.31\htdocs\personal\backend\system\BaseModel.php(622): CodeIgniter\Model->doFirst()
#6 C:\xampp7.3.31\htdocs\personal\backend\app\Controllers\Auth.php(60): CodeIgniter\BaseModel->first()
#7 C:\xampp7.3.31\htdocs\personal\backend\system\CodeIgniter.php(832): App\Controllers\Auth->login()
#8 C:\xampp7.3.31\htdocs\personal\backend\system\CodeIgniter.php(419): CodeIgniter\CodeIgniter->runController(Object(App\Controllers\Auth))
#9 C:\xampp7.3.31\htdocs\personal\backend\system\CodeIgniter.php(326): CodeIgniter\CodeIgniter->handleRequest(NULL, Object(Config\Cache), false)
#10 C:\xampp7.3.31\htdocs\personal\backend\public\index.php(37): CodeIgniter\CodeIgniter->run()
#11 C:\xampp7.3.31\htdocs\personal\backend\system\Commands\Server\rewrite.php(43): require_once('C:\\xampp7.3.31\\...')
#12 {main}
ERROR - 2022-03-31 00:29:32 --> Unknown column 'kullanicilar.deleted_at' in 'where clause'
CRITICAL - 2022-03-31 00:29:32 --> Unknown column 'kullanicilar.deleted_at' in 'where clause'
#0 C:\xampp7.3.31\htdocs\personal\backend\system\Database\MySQLi\Connection.php(292): mysqli->query('SELECT *\nFROM `...', 0)
#1 C:\xampp7.3.31\htdocs\personal\backend\system\Database\BaseConnection.php(670): CodeIgniter\Database\MySQLi\Connection->execute('SELECT *\nFROM `...')
#2 C:\xampp7.3.31\htdocs\personal\backend\system\Database\BaseConnection.php(598): CodeIgniter\Database\BaseConnection->simpleQuery('SELECT *\nFROM `...')
#3 C:\xampp7.3.31\htdocs\personal\backend\system\Database\BaseBuilder.php(1455): CodeIgniter\Database\BaseConnection->query('SELECT *\nFROM `...', Array, false)
#4 C:\xampp7.3.31\htdocs\personal\backend\system\Model.php(210): CodeIgniter\Database\BaseBuilder->get()
#5 C:\xampp7.3.31\htdocs\personal\backend\system\BaseModel.php(622): CodeIgniter\Model->doFirst()
#6 C:\xampp7.3.31\htdocs\personal\backend\app\Controllers\Auth.php(60): CodeIgniter\BaseModel->first()
#7 C:\xampp7.3.31\htdocs\personal\backend\system\CodeIgniter.php(832): App\Controllers\Auth->login()
#8 C:\xampp7.3.31\htdocs\personal\backend\system\CodeIgniter.php(419): CodeIgniter\CodeIgniter->runController(Object(App\Controllers\Auth))
#9 C:\xampp7.3.31\htdocs\personal\backend\system\CodeIgniter.php(326): CodeIgniter\CodeIgniter->handleRequest(NULL, Object(Config\Cache), false)
#10 C:\xampp7.3.31\htdocs\personal\backend\public\index.php(37): CodeIgniter\CodeIgniter->run()
#11 C:\xampp7.3.31\htdocs\personal\backend\system\Commands\Server\rewrite.php(43): require_once('C:\\xampp7.3.31\\...')
#12 {main}
ERROR - 2022-03-31 11:28:39 --> Operand should contain 1 column(s)
CRITICAL - 2022-03-31 11:28:39 --> Operand should contain 1 column(s)
#0 C:\xampp7.3.31\htdocs\personal\backend\system\Database\MySQLi\Connection.php(292): mysqli->query('UPDATE `kullani...', 0)
#1 C:\xampp7.3.31\htdocs\personal\backend\system\Database\BaseConnection.php(670): CodeIgniter\Database\MySQLi\Connection->execute('UPDATE `kullani...')
#2 C:\xampp7.3.31\htdocs\personal\backend\system\Database\BaseConnection.php(598): CodeIgniter\Database\BaseConnection->simpleQuery('UPDATE `kullani...')
#3 C:\xampp7.3.31\htdocs\personal\backend\system\Database\BaseBuilder.php(1913): CodeIgniter\Database\BaseConnection->query('UPDATE `kullani...', Array, false)
#4 C:\xampp7.3.31\htdocs\personal\backend\system\Model.php(298): CodeIgniter\Database\BaseBuilder->update()
#5 C:\xampp7.3.31\htdocs\personal\backend\system\BaseModel.php(865): CodeIgniter\Model->doUpdate(Array, Array)
#6 C:\xampp7.3.31\htdocs\personal\backend\system\Model.php(651): CodeIgniter\BaseModel->update(Array, Array)
#7 C:\xampp7.3.31\htdocs\personal\backend\app\Controllers\Kullanicilar.php(161): CodeIgniter\Model->update('undefined', Array)
#8 C:\xampp7.3.31\htdocs\personal\backend\system\CodeIgniter.php(832): App\Controllers\Kullanicilar->update('undefined')
#9 C:\xampp7.3.31\htdocs\personal\backend\system\CodeIgniter.php(419): CodeIgniter\CodeIgniter->runController(Object(App\Controllers\Kullanicilar))
#10 C:\xampp7.3.31\htdocs\personal\backend\system\CodeIgniter.php(326): CodeIgniter\CodeIgniter->handleRequest(NULL, Object(Config\Cache), false)
#11 C:\xampp7.3.31\htdocs\personal\backend\public\index.php(37): CodeIgniter\CodeIgniter->run()
#12 C:\xampp7.3.31\htdocs\personal\backend\system\Commands\Server\rewrite.php(43): require_once('C:\\xampp7.3.31\\...')
#13 {main}
ERROR - 2022-03-31 11:29:02 --> Operand should contain 1 column(s)
CRITICAL - 2022-03-31 11:29:02 --> Operand should contain 1 column(s)
#0 C:\xampp7.3.31\htdocs\personal\backend\system\Database\MySQLi\Connection.php(292): mysqli->query('UPDATE `kullani...', 0)
#1 C:\xampp7.3.31\htdocs\personal\backend\system\Database\BaseConnection.php(670): CodeIgniter\Database\MySQLi\Connection->execute('UPDATE `kullani...')
#2 C:\xampp7.3.31\htdocs\personal\backend\system\Database\BaseConnection.php(598): CodeIgniter\Database\BaseConnection->simpleQuery('UPDATE `kullani...')
#3 C:\xampp7.3.31\htdocs\personal\backend\system\Database\BaseBuilder.php(1913): CodeIgniter\Database\BaseConnection->query('UPDATE `kullani...', Array, false)
#4 C:\xampp7.3.31\htdocs\personal\backend\system\Model.php(298): CodeIgniter\Database\BaseBuilder->update()
#5 C:\xampp7.3.31\htdocs\personal\backend\system\BaseModel.php(865): CodeIgniter\Model->doUpdate(Array, Array)
#6 C:\xampp7.3.31\htdocs\personal\backend\system\Model.php(651): CodeIgniter\BaseModel->update(Array, Array)
#7 C:\xampp7.3.31\htdocs\personal\backend\app\Controllers\Kullanicilar.php(161): CodeIgniter\Model->update('undefined', Array)
#8 C:\xampp7.3.31\htdocs\personal\backend\system\CodeIgniter.php(832): App\Controllers\Kullanicilar->update('undefined')
#9 C:\xampp7.3.31\htdocs\personal\backend\system\CodeIgniter.php(419): CodeIgniter\CodeIgniter->runController(Object(App\Controllers\Kullanicilar))
#10 C:\xampp7.3.31\htdocs\personal\backend\system\CodeIgniter.php(326): CodeIgniter\CodeIgniter->handleRequest(NULL, Object(Config\Cache), false)
#11 C:\xampp7.3.31\htdocs\personal\backend\public\index.php(37): CodeIgniter\CodeIgniter->run()
#12 C:\xampp7.3.31\htdocs\personal\backend\system\Commands\Server\rewrite.php(43): require_once('C:\\xampp7.3.31\\...')
#13 {main}
ERROR - 2022-03-31 11:29:26 --> Operand should contain 1 column(s)
CRITICAL - 2022-03-31 11:29:26 --> Operand should contain 1 column(s)
#0 C:\xampp7.3.31\htdocs\personal\backend\system\Database\MySQLi\Connection.php(292): mysqli->query('UPDATE `kullani...', 0)
#1 C:\xampp7.3.31\htdocs\personal\backend\system\Database\BaseConnection.php(670): CodeIgniter\Database\MySQLi\Connection->execute('UPDATE `kullani...')
#2 C:\xampp7.3.31\htdocs\personal\backend\system\Database\BaseConnection.php(598): CodeIgniter\Database\BaseConnection->simpleQuery('UPDATE `kullani...')
#3 C:\xampp7.3.31\htdocs\personal\backend\system\Database\BaseBuilder.php(1913): CodeIgniter\Database\BaseConnection->query('UPDATE `kullani...', Array, false)
#4 C:\xampp7.3.31\htdocs\personal\backend\system\Model.php(298): CodeIgniter\Database\BaseBuilder->update()
#5 C:\xampp7.3.31\htdocs\personal\backend\system\BaseModel.php(865): CodeIgniter\Model->doUpdate(Array, Array)
#6 C:\xampp7.3.31\htdocs\personal\backend\system\Model.php(651): CodeIgniter\BaseModel->update(Array, Array)
#7 C:\xampp7.3.31\htdocs\personal\backend\app\Controllers\Kullanicilar.php(161): CodeIgniter\Model->update('undefined', Array)
#8 C:\xampp7.3.31\htdocs\personal\backend\system\CodeIgniter.php(832): App\Controllers\Kullanicilar->update('undefined')
#9 C:\xampp7.3.31\htdocs\personal\backend\system\CodeIgniter.php(419): CodeIgniter\CodeIgniter->runController(Object(App\Controllers\Kullanicilar))
#10 C:\xampp7.3.31\htdocs\personal\backend\system\CodeIgniter.php(326): CodeIgniter\CodeIgniter->handleRequest(NULL, Object(Config\Cache), false)
#11 C:\xampp7.3.31\htdocs\personal\backend\public\index.php(37): CodeIgniter\CodeIgniter->run()
#12 C:\xampp7.3.31\htdocs\personal\backend\system\Commands\Server\rewrite.php(43): require_once('C:\\xampp7.3.31\\...')
#13 {main}
ERROR - 2022-03-31 11:36:55 --> Operand should contain 1 column(s)
CRITICAL - 2022-03-31 11:36:55 --> Operand should contain 1 column(s)
#0 C:\xampp7.3.31\htdocs\personal\backend\system\Database\MySQLi\Connection.php(292): mysqli->query('UPDATE `kullani...', 0)
#1 C:\xampp7.3.31\htdocs\personal\backend\system\Database\BaseConnection.php(670): CodeIgniter\Database\MySQLi\Connection->execute('UPDATE `kullani...')
#2 C:\xampp7.3.31\htdocs\personal\backend\system\Database\BaseConnection.php(598): CodeIgniter\Database\BaseConnection->simpleQuery('UPDATE `kullani...')
#3 C:\xampp7.3.31\htdocs\personal\backend\system\Database\BaseBuilder.php(1913): CodeIgniter\Database\BaseConnection->query('UPDATE `kullani...', Array, false)
#4 C:\xampp7.3.31\htdocs\personal\backend\system\Model.php(298): CodeIgniter\Database\BaseBuilder->update()
#5 C:\xampp7.3.31\htdocs\personal\backend\system\BaseModel.php(865): CodeIgniter\Model->doUpdate(Array, Array)
#6 C:\xampp7.3.31\htdocs\personal\backend\system\Model.php(651): CodeIgniter\BaseModel->update(Array, Array)
#7 C:\xampp7.3.31\htdocs\personal\backend\app\Controllers\Kullanicilar.php(161): CodeIgniter\Model->update('18', Array)
#8 C:\xampp7.3.31\htdocs\personal\backend\system\CodeIgniter.php(832): App\Controllers\Kullanicilar->update('18')
#9 C:\xampp7.3.31\htdocs\personal\backend\system\CodeIgniter.php(419): CodeIgniter\CodeIgniter->runController(Object(App\Controllers\Kullanicilar))
#10 C:\xampp7.3.31\htdocs\personal\backend\system\CodeIgniter.php(326): CodeIgniter\CodeIgniter->handleRequest(NULL, Object(Config\Cache), false)
#11 C:\xampp7.3.31\htdocs\personal\backend\public\index.php(37): CodeIgniter\CodeIgniter->run()
#12 C:\xampp7.3.31\htdocs\personal\backend\system\Commands\Server\rewrite.php(43): require_once('C:\\xampp7.3.31\\...')
#13 {main}
ERROR - 2022-03-31 11:37:35 --> Operand should contain 1 column(s)
CRITICAL - 2022-03-31 11:37:35 --> Operand should contain 1 column(s)
#0 C:\xampp7.3.31\htdocs\personal\backend\system\Database\MySQLi\Connection.php(292): mysqli->query('UPDATE `kullani...', 0)
#1 C:\xampp7.3.31\htdocs\personal\backend\system\Database\BaseConnection.php(670): CodeIgniter\Database\MySQLi\Connection->execute('UPDATE `kullani...')
#2 C:\xampp7.3.31\htdocs\personal\backend\system\Database\BaseConnection.php(598): CodeIgniter\Database\BaseConnection->simpleQuery('UPDATE `kullani...')
#3 C:\xampp7.3.31\htdocs\personal\backend\system\Database\BaseBuilder.php(1913): CodeIgniter\Database\BaseConnection->query('UPDATE `kullani...', Array, false)
#4 C:\xampp7.3.31\htdocs\personal\backend\system\Model.php(298): CodeIgniter\Database\BaseBuilder->update()
#5 C:\xampp7.3.31\htdocs\personal\backend\system\BaseModel.php(865): CodeIgniter\Model->doUpdate(Array, Array)
#6 C:\xampp7.3.31\htdocs\personal\backend\system\Model.php(651): CodeIgniter\BaseModel->update(Array, Array)
#7 C:\xampp7.3.31\htdocs\personal\backend\app\Controllers\Kullanicilar.php(161): CodeIgniter\Model->update('22', Array)
#8 C:\xampp7.3.31\htdocs\personal\backend\system\CodeIgniter.php(832): App\Controllers\Kullanicilar->update('22')
#9 C:\xampp7.3.31\htdocs\personal\backend\system\CodeIgniter.php(419): CodeIgniter\CodeIgniter->runController(Object(App\Controllers\Kullanicilar))
#10 C:\xampp7.3.31\htdocs\personal\backend\system\CodeIgniter.php(326): CodeIgniter\CodeIgniter->handleRequest(NULL, Object(Config\Cache), false)
#11 C:\xampp7.3.31\htdocs\personal\backend\public\index.php(37): CodeIgniter\CodeIgniter->run()
#12 C:\xampp7.3.31\htdocs\personal\backend\system\Commands\Server\rewrite.php(43): require_once('C:\\xampp7.3.31\\...')
#13 {main}
ERROR - 2022-03-31 11:39:30 --> Operand should contain 1 column(s)
CRITICAL - 2022-03-31 11:39:30 --> Operand should contain 1 column(s)
#0 C:\xampp7.3.31\htdocs\personal\backend\system\Database\MySQLi\Connection.php(292): mysqli->query('UPDATE `kullani...', 0)
#1 C:\xampp7.3.31\htdocs\personal\backend\system\Database\BaseConnection.php(670): CodeIgniter\Database\MySQLi\Connection->execute('UPDATE `kullani...')
#2 C:\xampp7.3.31\htdocs\personal\backend\system\Database\BaseConnection.php(598): CodeIgniter\Database\BaseConnection->simpleQuery('UPDATE `kullani...')
#3 C:\xampp7.3.31\htdocs\personal\backend\system\Database\BaseBuilder.php(1913): CodeIgniter\Database\BaseConnection->query('UPDATE `kullani...', Array, false)
#4 C:\xampp7.3.31\htdocs\personal\backend\system\Model.php(298): CodeIgniter\Database\BaseBuilder->update()
#5 C:\xampp7.3.31\htdocs\personal\backend\system\BaseModel.php(865): CodeIgniter\Model->doUpdate(Array, Array)
#6 C:\xampp7.3.31\htdocs\personal\backend\system\Model.php(651): CodeIgniter\BaseModel->update(Array, Array)
#7 C:\xampp7.3.31\htdocs\personal\backend\app\Controllers\Kullanicilar.php(161): CodeIgniter\Model->update('22', Array)
#8 C:\xampp7.3.31\htdocs\personal\backend\system\CodeIgniter.php(832): App\Controllers\Kullanicilar->update('22')
#9 C:\xampp7.3.31\htdocs\personal\backend\system\CodeIgniter.php(419): CodeIgniter\CodeIgniter->runController(Object(App\Controllers\Kullanicilar))
#10 C:\xampp7.3.31\htdocs\personal\backend\system\CodeIgniter.php(326): CodeIgniter\CodeIgniter->handleRequest(NULL, Object(Config\Cache), false)
#11 C:\xampp7.3.31\htdocs\personal\backend\public\index.php(37): CodeIgniter\CodeIgniter->run()
#12 C:\xampp7.3.31\htdocs\personal\backend\system\Commands\Server\rewrite.php(43): require_once('C:\\xampp7.3.31\\...')
#13 {main}
ERROR - 2022-03-31 13:32:00 --> Operand should contain 1 column(s)
CRITICAL - 2022-03-31 13:32:00 --> Operand should contain 1 column(s)
#0 C:\xampp7.3.31\htdocs\personal\backend\system\Database\MySQLi\Connection.php(292): mysqli->query('UPDATE `kullani...', 0)
#1 C:\xampp7.3.31\htdocs\personal\backend\system\Database\BaseConnection.php(670): CodeIgniter\Database\MySQLi\Connection->execute('UPDATE `kullani...')
#2 C:\xampp7.3.31\htdocs\personal\backend\system\Database\BaseConnection.php(598): CodeIgniter\Database\BaseConnection->simpleQuery('UPDATE `kullani...')
#3 C:\xampp7.3.31\htdocs\personal\backend\system\Database\BaseBuilder.php(1913): CodeIgniter\Database\BaseConnection->query('UPDATE `kullani...', Array, false)
#4 C:\xampp7.3.31\htdocs\personal\backend\system\Model.php(298): CodeIgniter\Database\BaseBuilder->update()
#5 C:\xampp7.3.31\htdocs\personal\backend\system\BaseModel.php(865): CodeIgniter\Model->doUpdate(Array, Array)
#6 C:\xampp7.3.31\htdocs\personal\backend\system\Model.php(651): CodeIgniter\BaseModel->update(Array, Array)
#7 C:\xampp7.3.31\htdocs\personal\backend\app\Controllers\Kullanicilar.php(161): CodeIgniter\Model->update('22', Array)
#8 C:\xampp7.3.31\htdocs\personal\backend\system\CodeIgniter.php(832): App\Controllers\Kullanicilar->update('22')
#9 C:\xampp7.3.31\htdocs\personal\backend\system\CodeIgniter.php(419): CodeIgniter\CodeIgniter->runController(Object(App\Controllers\Kullanicilar))
#10 C:\xampp7.3.31\htdocs\personal\backend\system\CodeIgniter.php(326): CodeIgniter\CodeIgniter->handleRequest(NULL, Object(Config\Cache), false)
#11 C:\xampp7.3.31\htdocs\personal\backend\public\index.php(37): CodeIgniter\CodeIgniter->run()
#12 C:\xampp7.3.31\htdocs\personal\backend\system\Commands\Server\rewrite.php(43): require_once('C:\\xampp7.3.31\\...')
#13 {main}
ERROR - 2022-03-31 13:34:52 --> Operand should contain 1 column(s)
CRITICAL - 2022-03-31 13:34:52 --> Operand should contain 1 column(s)
#0 C:\xampp7.3.31\htdocs\personal\backend\system\Database\MySQLi\Connection.php(292): mysqli->query('UPDATE `kullani...', 0)
#1 C:\xampp7.3.31\htdocs\personal\backend\system\Database\BaseConnection.php(670): CodeIgniter\Database\MySQLi\Connection->execute('UPDATE `kullani...')
#2 C:\xampp7.3.31\htdocs\personal\backend\system\Database\BaseConnection.php(598): CodeIgniter\Database\BaseConnection->simpleQuery('UPDATE `kullani...')
#3 C:\xampp7.3.31\htdocs\personal\backend\system\Database\BaseBuilder.php(1913): CodeIgniter\Database\BaseConnection->query('UPDATE `kullani...', Array, false)
#4 C:\xampp7.3.31\htdocs\personal\backend\system\Model.php(298): CodeIgniter\Database\BaseBuilder->update()
#5 C:\xampp7.3.31\htdocs\personal\backend\system\BaseModel.php(865): CodeIgniter\Model->doUpdate(Array, Array)
#6 C:\xampp7.3.31\htdocs\personal\backend\system\Model.php(651): CodeIgniter\BaseModel->update(Array, Array)
#7 C:\xampp7.3.31\htdocs\personal\backend\app\Controllers\Kullanicilar.php(161): CodeIgniter\Model->update('22', Array)
#8 C:\xampp7.3.31\htdocs\personal\backend\system\CodeIgniter.php(832): App\Controllers\Kullanicilar->update('22')
#9 C:\xampp7.3.31\htdocs\personal\backend\system\CodeIgniter.php(419): CodeIgniter\CodeIgniter->runController(Object(App\Controllers\Kullanicilar))
#10 C:\xampp7.3.31\htdocs\personal\backend\system\CodeIgniter.php(326): CodeIgniter\CodeIgniter->handleRequest(NULL, Object(Config\Cache), false)
#11 C:\xampp7.3.31\htdocs\personal\backend\public\index.php(37): CodeIgniter\CodeIgniter->run()
#12 C:\xampp7.3.31\htdocs\personal\backend\system\Commands\Server\rewrite.php(43): require_once('C:\\xampp7.3.31\\...')
#13 {main}
