CRITICAL - 2022-03-30 14:04:00 --> Undefined array key 1
#0 C:\xampp7.3.31\htdocs\personal\backend\app\Controllers\Auth.php(133): CodeIgniter\Debug\Exceptions->errorHandler(2, 'Undefined array...', 'C:\\xampp7.3.31\\...', 133)
#1 C:\xampp7.3.31\htdocs\personal\backend\app\Controllers\Auth.php(165): App\Controllers\Auth->TokenControl(NULL)
#2 C:\xampp7.3.31\htdocs\personal\backend\app\Filters\AuthFilter.php(23): App\Controllers\Auth->isLogged()
#3 C:\xampp7.3.31\htdocs\personal\backend\system\Filters\Filters.php(173): App\Filters\AuthFilter->before(Object(CodeIgniter\HTTP\IncomingRequest), NULL)
#4 C:\xampp7.3.31\htdocs\personal\backend\system\CodeIgniter.php(393): CodeIgniter\Filters\Filters->run('kullanicilar', 'before')
#5 C:\xampp7.3.31\htdocs\personal\backend\system\CodeIgniter.php(326): CodeIgniter\CodeIgniter->handleRequest(NULL, Object(Config\Cache), false)
#6 C:\xampp7.3.31\htdocs\personal\backend\public\index.php(37): CodeIgniter\CodeIgniter->run()
#7 C:\xampp7.3.31\htdocs\personal\backend\system\Commands\Server\rewrite.php(43): require_once('C:\\xampp7.3.31\\...')
#8 {main}
CRITICAL - 2022-03-30 14:04:12 --> Undefined array key 1
#0 C:\xampp7.3.31\htdocs\personal\backend\app\Controllers\Auth.php(133): CodeIgniter\Debug\Exceptions->errorHandler(2, 'Undefined array...', 'C:\\xampp7.3.31\\...', 133)
#1 C:\xampp7.3.31\htdocs\personal\backend\app\Controllers\Auth.php(165): App\Controllers\Auth->TokenControl(NULL)
#2 C:\xampp7.3.31\htdocs\personal\backend\app\Filters\AuthFilter.php(23): App\Controllers\Auth->isLogged()
#3 C:\xampp7.3.31\htdocs\personal\backend\system\Filters\Filters.php(173): App\Filters\AuthFilter->before(Object(CodeIgniter\HTTP\IncomingRequest), NULL)
#4 C:\xampp7.3.31\htdocs\personal\backend\system\CodeIgniter.php(393): CodeIgniter\Filters\Filters->run('kullanicilar', 'before')
#5 C:\xampp7.3.31\htdocs\personal\backend\system\CodeIgniter.php(326): CodeIgniter\CodeIgniter->handleRequest(NULL, Object(Config\Cache), false)
#6 C:\xampp7.3.31\htdocs\personal\backend\public\index.php(37): CodeIgniter\CodeIgniter->run()
#7 C:\xampp7.3.31\htdocs\personal\backend\system\Commands\Server\rewrite.php(43): require_once('C:\\xampp7.3.31\\...')
#8 {main}
CRITICAL - 2022-03-30 14:04:59 --> Undefined array key 1
#0 C:\xampp7.3.31\htdocs\personal\backend\app\Controllers\Auth.php(133): CodeIgniter\Debug\Exceptions->errorHandler(2, 'Undefined array...', 'C:\\xampp7.3.31\\...', 133)
#1 C:\xampp7.3.31\htdocs\personal\backend\app\Controllers\Auth.php(165): App\Controllers\Auth->TokenControl(NULL)
#2 C:\xampp7.3.31\htdocs\personal\backend\app\Filters\AuthFilter.php(23): App\Controllers\Auth->isLogged()
#3 C:\xampp7.3.31\htdocs\personal\backend\system\Filters\Filters.php(173): App\Filters\AuthFilter->before(Object(CodeIgniter\HTTP\IncomingRequest), NULL)
#4 C:\xampp7.3.31\htdocs\personal\backend\system\CodeIgniter.php(393): CodeIgniter\Filters\Filters->run('kullanicilar', 'before')
#5 C:\xampp7.3.31\htdocs\personal\backend\system\CodeIgniter.php(326): CodeIgniter\CodeIgniter->handleRequest(NULL, Object(Config\Cache), false)
#6 C:\xampp7.3.31\htdocs\personal\backend\public\index.php(37): CodeIgniter\CodeIgniter->run()
#7 C:\xampp7.3.31\htdocs\personal\backend\system\Commands\Server\rewrite.php(43): require_once('C:\\xampp7.3.31\\...')
#8 {main}
CRITICAL - 2022-03-30 14:06:12 --> Undefined array key 1
#0 C:\xampp7.3.31\htdocs\personal\backend\app\Controllers\Auth.php(133): CodeIgniter\Debug\Exceptions->errorHandler(2, 'Undefined array...', 'C:\\xampp7.3.31\\...', 133)
#1 C:\xampp7.3.31\htdocs\personal\backend\app\Controllers\Auth.php(165): App\Controllers\Auth->TokenControl(NULL)
#2 C:\xampp7.3.31\htdocs\personal\backend\app\Filters\AuthFilter.php(23): App\Controllers\Auth->isLogged()
#3 C:\xampp7.3.31\htdocs\personal\backend\system\Filters\Filters.php(173): App\Filters\AuthFilter->before(Object(CodeIgniter\HTTP\IncomingRequest), NULL)
#4 C:\xampp7.3.31\htdocs\personal\backend\system\CodeIgniter.php(393): CodeIgniter\Filters\Filters->run('kullanicilar', 'before')
#5 C:\xampp7.3.31\htdocs\personal\backend\system\CodeIgniter.php(326): CodeIgniter\CodeIgniter->handleRequest(NULL, Object(Config\Cache), false)
#6 C:\xampp7.3.31\htdocs\personal\backend\public\index.php(37): CodeIgniter\CodeIgniter->run()
#7 C:\xampp7.3.31\htdocs\personal\backend\system\Commands\Server\rewrite.php(43): require_once('C:\\xampp7.3.31\\...')
#8 {main}
CRITICAL - 2022-03-30 14:07:06 --> Undefined array key 1
#0 C:\xampp7.3.31\htdocs\personal\backend\app\Controllers\Auth.php(133): CodeIgniter\Debug\Exceptions->errorHandler(2, 'Undefined array...', 'C:\\xampp7.3.31\\...', 133)
#1 C:\xampp7.3.31\htdocs\personal\backend\app\Controllers\Auth.php(165): App\Controllers\Auth->TokenControl(NULL)
#2 C:\xampp7.3.31\htdocs\personal\backend\app\Filters\AuthFilter.php(23): App\Controllers\Auth->isLogged()
#3 C:\xampp7.3.31\htdocs\personal\backend\system\Filters\Filters.php(173): App\Filters\AuthFilter->before(Object(CodeIgniter\HTTP\IncomingRequest), NULL)
#4 C:\xampp7.3.31\htdocs\personal\backend\system\CodeIgniter.php(393): CodeIgniter\Filters\Filters->run('kullanicilar', 'before')
#5 C:\xampp7.3.31\htdocs\personal\backend\system\CodeIgniter.php(326): CodeIgniter\CodeIgniter->handleRequest(NULL, Object(Config\Cache), false)
#6 C:\xampp7.3.31\htdocs\personal\backend\public\index.php(37): CodeIgniter\CodeIgniter->run()
#7 C:\xampp7.3.31\htdocs\personal\backend\system\Commands\Server\rewrite.php(43): require_once('C:\\xampp7.3.31\\...')
#8 {main}
CRITICAL - 2022-03-30 14:07:31 --> Undefined array key 1
#0 C:\xampp7.3.31\htdocs\personal\backend\app\Controllers\Auth.php(133): CodeIgniter\Debug\Exceptions->errorHandler(2, 'Undefined array...', 'C:\\xampp7.3.31\\...', 133)
#1 C:\xampp7.3.31\htdocs\personal\backend\app\Controllers\Auth.php(165): App\Controllers\Auth->TokenControl(NULL)
#2 C:\xampp7.3.31\htdocs\personal\backend\app\Filters\AuthFilter.php(23): App\Controllers\Auth->isLogged()
#3 C:\xampp7.3.31\htdocs\personal\backend\system\Filters\Filters.php(173): App\Filters\AuthFilter->before(Object(CodeIgniter\HTTP\IncomingRequest), NULL)
#4 C:\xampp7.3.31\htdocs\personal\backend\system\CodeIgniter.php(393): CodeIgniter\Filters\Filters->run('kullanicilar', 'before')
#5 C:\xampp7.3.31\htdocs\personal\backend\system\CodeIgniter.php(326): CodeIgniter\CodeIgniter->handleRequest(NULL, Object(Config\Cache), false)
#6 C:\xampp7.3.31\htdocs\personal\backend\public\index.php(37): CodeIgniter\CodeIgniter->run()
#7 C:\xampp7.3.31\htdocs\personal\backend\system\Commands\Server\rewrite.php(43): require_once('C:\\xampp7.3.31\\...')
#8 {main}
CRITICAL - 2022-03-30 14:07:40 --> Undefined array key 1
#0 C:\xampp7.3.31\htdocs\personal\backend\app\Controllers\Auth.php(133): CodeIgniter\Debug\Exceptions->errorHandler(2, 'Undefined array...', 'C:\\xampp7.3.31\\...', 133)
#1 C:\xampp7.3.31\htdocs\personal\backend\app\Controllers\Auth.php(165): App\Controllers\Auth->TokenControl(NULL)
#2 C:\xampp7.3.31\htdocs\personal\backend\app\Filters\AuthFilter.php(23): App\Controllers\Auth->isLogged()
#3 C:\xampp7.3.31\htdocs\personal\backend\system\Filters\Filters.php(173): App\Filters\AuthFilter->before(Object(CodeIgniter\HTTP\IncomingRequest), NULL)
#4 C:\xampp7.3.31\htdocs\personal\backend\system\CodeIgniter.php(393): CodeIgniter\Filters\Filters->run('kullanicilar', 'before')
#5 C:\xampp7.3.31\htdocs\personal\backend\system\CodeIgniter.php(326): CodeIgniter\CodeIgniter->handleRequest(NULL, Object(Config\Cache), false)
#6 C:\xampp7.3.31\htdocs\personal\backend\public\index.php(37): CodeIgniter\CodeIgniter->run()
#7 C:\xampp7.3.31\htdocs\personal\backend\system\Commands\Server\rewrite.php(43): require_once('C:\\xampp7.3.31\\...')
#8 {main}
CRITICAL - 2022-03-30 14:08:34 --> Undefined array key 1
#0 C:\xampp7.3.31\htdocs\personal\backend\app\Controllers\Auth.php(133): CodeIgniter\Debug\Exceptions->errorHandler(2, 'Undefined array...', 'C:\\xampp7.3.31\\...', 133)
#1 C:\xampp7.3.31\htdocs\personal\backend\app\Controllers\Auth.php(165): App\Controllers\Auth->TokenControl(NULL)
#2 C:\xampp7.3.31\htdocs\personal\backend\app\Filters\AuthFilter.php(23): App\Controllers\Auth->isLogged()
#3 C:\xampp7.3.31\htdocs\personal\backend\system\Filters\Filters.php(173): App\Filters\AuthFilter->before(Object(CodeIgniter\HTTP\IncomingRequest), NULL)
#4 C:\xampp7.3.31\htdocs\personal\backend\system\CodeIgniter.php(393): CodeIgniter\Filters\Filters->run('kullanicilar', 'before')
#5 C:\xampp7.3.31\htdocs\personal\backend\system\CodeIgniter.php(326): CodeIgniter\CodeIgniter->handleRequest(NULL, Object(Config\Cache), false)
#6 C:\xampp7.3.31\htdocs\personal\backend\public\index.php(37): CodeIgniter\CodeIgniter->run()
#7 C:\xampp7.3.31\htdocs\personal\backend\system\Commands\Server\rewrite.php(43): require_once('C:\\xampp7.3.31\\...')
#8 {main}
CRITICAL - 2022-03-30 14:09:10 --> Undefined array key 1
#0 C:\xampp7.3.31\htdocs\personal\backend\app\Controllers\Auth.php(133): CodeIgniter\Debug\Exceptions->errorHandler(2, 'Undefined array...', 'C:\\xampp7.3.31\\...', 133)
#1 C:\xampp7.3.31\htdocs\personal\backend\app\Controllers\Auth.php(165): App\Controllers\Auth->TokenControl(NULL)
#2 C:\xampp7.3.31\htdocs\personal\backend\app\Filters\AuthFilter.php(23): App\Controllers\Auth->isLogged()
#3 C:\xampp7.3.31\htdocs\personal\backend\system\Filters\Filters.php(173): App\Filters\AuthFilter->before(Object(CodeIgniter\HTTP\IncomingRequest), NULL)
#4 C:\xampp7.3.31\htdocs\personal\backend\system\CodeIgniter.php(393): CodeIgniter\Filters\Filters->run('kullanicilar', 'before')
#5 C:\xampp7.3.31\htdocs\personal\backend\system\CodeIgniter.php(326): CodeIgniter\CodeIgniter->handleRequest(NULL, Object(Config\Cache), false)
#6 C:\xampp7.3.31\htdocs\personal\backend\public\index.php(37): CodeIgniter\CodeIgniter->run()
#7 C:\xampp7.3.31\htdocs\personal\backend\system\Commands\Server\rewrite.php(43): require_once('C:\\xampp7.3.31\\...')
#8 {main}
CRITICAL - 2022-03-30 14:10:47 --> Undefined array key 1
#0 C:\xampp7.3.31\htdocs\personal\backend\app\Controllers\Auth.php(133): CodeIgniter\Debug\Exceptions->errorHandler(2, 'Undefined array...', 'C:\\xampp7.3.31\\...', 133)
#1 C:\xampp7.3.31\htdocs\personal\backend\app\Controllers\Auth.php(165): App\Controllers\Auth->TokenControl(NULL)
#2 C:\xampp7.3.31\htdocs\personal\backend\app\Filters\AuthFilter.php(23): App\Controllers\Auth->isLogged()
#3 C:\xampp7.3.31\htdocs\personal\backend\system\Filters\Filters.php(173): App\Filters\AuthFilter->before(Object(CodeIgniter\HTTP\IncomingRequest), NULL)
#4 C:\xampp7.3.31\htdocs\personal\backend\system\CodeIgniter.php(393): CodeIgniter\Filters\Filters->run('kullanicilar', 'before')
#5 C:\xampp7.3.31\htdocs\personal\backend\system\CodeIgniter.php(326): CodeIgniter\CodeIgniter->handleRequest(NULL, Object(Config\Cache), false)
#6 C:\xampp7.3.31\htdocs\personal\backend\public\index.php(37): CodeIgniter\CodeIgniter->run()
#7 C:\xampp7.3.31\htdocs\personal\backend\system\Commands\Server\rewrite.php(43): require_once('C:\\xampp7.3.31\\...')
#8 {main}
CRITICAL - 2022-03-30 14:12:09 --> Undefined array key 1
#0 C:\xampp7.3.31\htdocs\personal\backend\app\Controllers\Auth.php(133): CodeIgniter\Debug\Exceptions->errorHandler(2, 'Undefined array...', 'C:\\xampp7.3.31\\...', 133)
#1 C:\xampp7.3.31\htdocs\personal\backend\app\Controllers\Auth.php(165): App\Controllers\Auth->TokenControl(NULL)
#2 C:\xampp7.3.31\htdocs\personal\backend\app\Filters\AuthFilter.php(23): App\Controllers\Auth->isLogged()
#3 C:\xampp7.3.31\htdocs\personal\backend\system\Filters\Filters.php(173): App\Filters\AuthFilter->before(Object(CodeIgniter\HTTP\IncomingRequest), NULL)
#4 C:\xampp7.3.31\htdocs\personal\backend\system\CodeIgniter.php(393): CodeIgniter\Filters\Filters->run('kullanicilar', 'before')
#5 C:\xampp7.3.31\htdocs\personal\backend\system\CodeIgniter.php(326): CodeIgniter\CodeIgniter->handleRequest(NULL, Object(Config\Cache), false)
#6 C:\xampp7.3.31\htdocs\personal\backend\public\index.php(37): CodeIgniter\CodeIgniter->run()
#7 C:\xampp7.3.31\htdocs\personal\backend\system\Commands\Server\rewrite.php(43): require_once('C:\\xampp7.3.31\\...')
#8 {main}
CRITICAL - 2022-03-30 14:12:14 --> Undefined array key 1
#0 C:\xampp7.3.31\htdocs\personal\backend\app\Controllers\Auth.php(133): CodeIgniter\Debug\Exceptions->errorHandler(2, 'Undefined array...', 'C:\\xampp7.3.31\\...', 133)
#1 C:\xampp7.3.31\htdocs\personal\backend\app\Controllers\Auth.php(165): App\Controllers\Auth->TokenControl(NULL)
#2 C:\xampp7.3.31\htdocs\personal\backend\app\Filters\AuthFilter.php(23): App\Controllers\Auth->isLogged()
#3 C:\xampp7.3.31\htdocs\personal\backend\system\Filters\Filters.php(173): App\Filters\AuthFilter->before(Object(CodeIgniter\HTTP\IncomingRequest), NULL)
#4 C:\xampp7.3.31\htdocs\personal\backend\system\CodeIgniter.php(393): CodeIgniter\Filters\Filters->run('kullanicilar', 'before')
#5 C:\xampp7.3.31\htdocs\personal\backend\system\CodeIgniter.php(326): CodeIgniter\CodeIgniter->handleRequest(NULL, Object(Config\Cache), false)
#6 C:\xampp7.3.31\htdocs\personal\backend\public\index.php(37): CodeIgniter\CodeIgniter->run()
#7 C:\xampp7.3.31\htdocs\personal\backend\system\Commands\Server\rewrite.php(43): require_once('C:\\xampp7.3.31\\...')
#8 {main}
CRITICAL - 2022-03-30 14:12:29 --> Undefined array key 1
#0 C:\xampp7.3.31\htdocs\personal\backend\app\Controllers\Auth.php(133): CodeIgniter\Debug\Exceptions->errorHandler(2, 'Undefined array...', 'C:\\xampp7.3.31\\...', 133)
#1 C:\xampp7.3.31\htdocs\personal\backend\app\Controllers\Auth.php(165): App\Controllers\Auth->TokenControl(NULL)
#2 C:\xampp7.3.31\htdocs\personal\backend\app\Filters\AuthFilter.php(23): App\Controllers\Auth->isLogged()
#3 C:\xampp7.3.31\htdocs\personal\backend\system\Filters\Filters.php(173): App\Filters\AuthFilter->before(Object(CodeIgniter\HTTP\IncomingRequest), NULL)
#4 C:\xampp7.3.31\htdocs\personal\backend\system\CodeIgniter.php(393): CodeIgniter\Filters\Filters->run('kullanicilar', 'before')
#5 C:\xampp7.3.31\htdocs\personal\backend\system\CodeIgniter.php(326): CodeIgniter\CodeIgniter->handleRequest(NULL, Object(Config\Cache), false)
#6 C:\xampp7.3.31\htdocs\personal\backend\public\index.php(37): CodeIgniter\CodeIgniter->run()
#7 C:\xampp7.3.31\htdocs\personal\backend\system\Commands\Server\rewrite.php(43): require_once('C:\\xampp7.3.31\\...')
#8 {main}
CRITICAL - 2022-03-30 14:12:35 --> Undefined array key 1
#0 C:\xampp7.3.31\htdocs\personal\backend\app\Controllers\Auth.php(133): CodeIgniter\Debug\Exceptions->errorHandler(2, 'Undefined array...', 'C:\\xampp7.3.31\\...', 133)
#1 C:\xampp7.3.31\htdocs\personal\backend\app\Controllers\Auth.php(165): App\Controllers\Auth->TokenControl(NULL)
#2 C:\xampp7.3.31\htdocs\personal\backend\app\Filters\AuthFilter.php(23): App\Controllers\Auth->isLogged()
#3 C:\xampp7.3.31\htdocs\personal\backend\system\Filters\Filters.php(173): App\Filters\AuthFilter->before(Object(CodeIgniter\HTTP\IncomingRequest), NULL)
#4 C:\xampp7.3.31\htdocs\personal\backend\system\CodeIgniter.php(393): CodeIgniter\Filters\Filters->run('kullanicilar', 'before')
#5 C:\xampp7.3.31\htdocs\personal\backend\system\CodeIgniter.php(326): CodeIgniter\CodeIgniter->handleRequest(NULL, Object(Config\Cache), false)
#6 C:\xampp7.3.31\htdocs\personal\backend\public\index.php(37): CodeIgniter\CodeIgniter->run()
#7 C:\xampp7.3.31\htdocs\personal\backend\system\Commands\Server\rewrite.php(43): require_once('C:\\xampp7.3.31\\...')
#8 {main}
CRITICAL - 2022-03-30 14:13:36 --> Undefined array key 1
#0 C:\xampp7.3.31\htdocs\personal\backend\app\Controllers\Auth.php(133): CodeIgniter\Debug\Exceptions->errorHandler(2, 'Undefined array...', 'C:\\xampp7.3.31\\...', 133)
#1 C:\xampp7.3.31\htdocs\personal\backend\app\Controllers\Auth.php(165): App\Controllers\Auth->TokenControl(NULL)
#2 C:\xampp7.3.31\htdocs\personal\backend\app\Filters\AuthFilter.php(23): App\Controllers\Auth->isLogged()
#3 C:\xampp7.3.31\htdocs\personal\backend\system\Filters\Filters.php(173): App\Filters\AuthFilter->before(Object(CodeIgniter\HTTP\IncomingRequest), NULL)
#4 C:\xampp7.3.31\htdocs\personal\backend\system\CodeIgniter.php(393): CodeIgniter\Filters\Filters->run('kullanicilar', 'before')
#5 C:\xampp7.3.31\htdocs\personal\backend\system\CodeIgniter.php(326): CodeIgniter\CodeIgniter->handleRequest(NULL, Object(Config\Cache), false)
#6 C:\xampp7.3.31\htdocs\personal\backend\public\index.php(37): CodeIgniter\CodeIgniter->run()
#7 C:\xampp7.3.31\htdocs\personal\backend\system\Commands\Server\rewrite.php(43): require_once('C:\\xampp7.3.31\\...')
#8 {main}
CRITICAL - 2022-03-30 14:14:05 --> Undefined array key 1
#0 C:\xampp7.3.31\htdocs\personal\backend\app\Controllers\Auth.php(133): CodeIgniter\Debug\Exceptions->errorHandler(2, 'Undefined array...', 'C:\\xampp7.3.31\\...', 133)
#1 C:\xampp7.3.31\htdocs\personal\backend\app\Controllers\Auth.php(165): App\Controllers\Auth->TokenControl(NULL)
#2 C:\xampp7.3.31\htdocs\personal\backend\app\Filters\AuthFilter.php(23): App\Controllers\Auth->isLogged()
#3 C:\xampp7.3.31\htdocs\personal\backend\system\Filters\Filters.php(173): App\Filters\AuthFilter->before(Object(CodeIgniter\HTTP\IncomingRequest), NULL)
#4 C:\xampp7.3.31\htdocs\personal\backend\system\CodeIgniter.php(393): CodeIgniter\Filters\Filters->run('kullanicilar', 'before')
#5 C:\xampp7.3.31\htdocs\personal\backend\system\CodeIgniter.php(326): CodeIgniter\CodeIgniter->handleRequest(NULL, Object(Config\Cache), false)
#6 C:\xampp7.3.31\htdocs\personal\backend\public\index.php(37): CodeIgniter\CodeIgniter->run()
#7 C:\xampp7.3.31\htdocs\personal\backend\system\Commands\Server\rewrite.php(43): require_once('C:\\xampp7.3.31\\...')
#8 {main}
CRITICAL - 2022-03-30 14:14:10 --> Undefined array key 1
#0 C:\xampp7.3.31\htdocs\personal\backend\app\Controllers\Auth.php(133): CodeIgniter\Debug\Exceptions->errorHandler(2, 'Undefined array...', 'C:\\xampp7.3.31\\...', 133)
#1 C:\xampp7.3.31\htdocs\personal\backend\app\Controllers\Auth.php(165): App\Controllers\Auth->TokenControl(NULL)
#2 C:\xampp7.3.31\htdocs\personal\backend\app\Filters\AuthFilter.php(23): App\Controllers\Auth->isLogged()
#3 C:\xampp7.3.31\htdocs\personal\backend\system\Filters\Filters.php(173): App\Filters\AuthFilter->before(Object(CodeIgniter\HTTP\IncomingRequest), NULL)
#4 C:\xampp7.3.31\htdocs\personal\backend\system\CodeIgniter.php(393): CodeIgniter\Filters\Filters->run('kullanicilar', 'before')
#5 C:\xampp7.3.31\htdocs\personal\backend\system\CodeIgniter.php(326): CodeIgniter\CodeIgniter->handleRequest(NULL, Object(Config\Cache), false)
#6 C:\xampp7.3.31\htdocs\personal\backend\public\index.php(37): CodeIgniter\CodeIgniter->run()
#7 C:\xampp7.3.31\htdocs\personal\backend\system\Commands\Server\rewrite.php(43): require_once('C:\\xampp7.3.31\\...')
#8 {main}
CRITICAL - 2022-03-30 14:14:53 --> Undefined array key 1
#0 C:\xampp7.3.31\htdocs\personal\backend\app\Controllers\Auth.php(133): CodeIgniter\Debug\Exceptions->errorHandler(2, 'Undefined array...', 'C:\\xampp7.3.31\\...', 133)
#1 C:\xampp7.3.31\htdocs\personal\backend\app\Controllers\Auth.php(165): App\Controllers\Auth->TokenControl(NULL)
#2 C:\xampp7.3.31\htdocs\personal\backend\app\Filters\AuthFilter.php(23): App\Controllers\Auth->isLogged()
#3 C:\xampp7.3.31\htdocs\personal\backend\system\Filters\Filters.php(173): App\Filters\AuthFilter->before(Object(CodeIgniter\HTTP\IncomingRequest), NULL)
#4 C:\xampp7.3.31\htdocs\personal\backend\system\CodeIgniter.php(393): CodeIgniter\Filters\Filters->run('kullanicilar', 'before')
#5 C:\xampp7.3.31\htdocs\personal\backend\system\CodeIgniter.php(326): CodeIgniter\CodeIgniter->handleRequest(NULL, Object(Config\Cache), false)
#6 C:\xampp7.3.31\htdocs\personal\backend\public\index.php(37): CodeIgniter\CodeIgniter->run()
#7 C:\xampp7.3.31\htdocs\personal\backend\system\Commands\Server\rewrite.php(43): require_once('C:\\xampp7.3.31\\...')
#8 {main}
CRITICAL - 2022-03-30 14:20:19 --> Undefined array key "token"
#0 C:\xampp7.3.31\htdocs\personal\backend\app\Controllers\Auth.php(90): CodeIgniter\Debug\Exceptions->errorHandler(2, 'Undefined array...', 'C:\\xampp7.3.31\\...', 90)
#1 C:\xampp7.3.31\htdocs\personal\backend\system\CodeIgniter.php(832): App\Controllers\Auth->Refresh()
#2 C:\xampp7.3.31\htdocs\personal\backend\system\CodeIgniter.php(419): CodeIgniter\CodeIgniter->runController(Object(App\Controllers\Auth))
#3 C:\xampp7.3.31\htdocs\personal\backend\system\CodeIgniter.php(326): CodeIgniter\CodeIgniter->handleRequest(NULL, Object(Config\Cache), false)
#4 C:\xampp7.3.31\htdocs\personal\backend\public\index.php(37): CodeIgniter\CodeIgniter->run()
#5 C:\xampp7.3.31\htdocs\personal\backend\system\Commands\Server\rewrite.php(43): require_once('C:\\xampp7.3.31\\...')
#6 {main}
CRITICAL - 2022-03-30 14:21:18 --> Undefined array key "token"
#0 C:\xampp7.3.31\htdocs\personal\backend\app\Controllers\Auth.php(90): CodeIgniter\Debug\Exceptions->errorHandler(2, 'Undefined array...', 'C:\\xampp7.3.31\\...', 90)
#1 C:\xampp7.3.31\htdocs\personal\backend\system\CodeIgniter.php(832): App\Controllers\Auth->Refresh()
#2 C:\xampp7.3.31\htdocs\personal\backend\system\CodeIgniter.php(419): CodeIgniter\CodeIgniter->runController(Object(App\Controllers\Auth))
#3 C:\xampp7.3.31\htdocs\personal\backend\system\CodeIgniter.php(326): CodeIgniter\CodeIgniter->handleRequest(NULL, Object(Config\Cache), false)
#4 C:\xampp7.3.31\htdocs\personal\backend\public\index.php(37): CodeIgniter\CodeIgniter->run()
#5 C:\xampp7.3.31\htdocs\personal\backend\system\Commands\Server\rewrite.php(43): require_once('C:\\xampp7.3.31\\...')
#6 {main}
CRITICAL - 2022-03-30 14:41:54 --> Trying to access array offset on value of type bool
#0 C:\xampp7.3.31\htdocs\personal\backend\app\Controllers\Auth.php(95): CodeIgniter\Debug\Exceptions->errorHandler(2, 'Trying to acces...', 'C:\\xampp7.3.31\\...', 95)
#1 C:\xampp7.3.31\htdocs\personal\backend\system\CodeIgniter.php(832): App\Controllers\Auth->Refresh()
#2 C:\xampp7.3.31\htdocs\personal\backend\system\CodeIgniter.php(419): CodeIgniter\CodeIgniter->runController(Object(App\Controllers\Auth))
#3 C:\xampp7.3.31\htdocs\personal\backend\system\CodeIgniter.php(326): CodeIgniter\CodeIgniter->handleRequest(NULL, Object(Config\Cache), false)
#4 C:\xampp7.3.31\htdocs\personal\backend\public\index.php(37): CodeIgniter\CodeIgniter->run()
#5 C:\xampp7.3.31\htdocs\personal\backend\system\Commands\Server\rewrite.php(43): require_once('C:\\xampp7.3.31\\...')
#6 {main}
CRITICAL - 2022-03-30 14:44:59 --> Trying to access array offset on value of type bool
#0 C:\xampp7.3.31\htdocs\personal\backend\app\Controllers\Auth.php(95): CodeIgniter\Debug\Exceptions->errorHandler(2, 'Trying to acces...', 'C:\\xampp7.3.31\\...', 95)
#1 C:\xampp7.3.31\htdocs\personal\backend\system\CodeIgniter.php(832): App\Controllers\Auth->Refresh()
#2 C:\xampp7.3.31\htdocs\personal\backend\system\CodeIgniter.php(419): CodeIgniter\CodeIgniter->runController(Object(App\Controllers\Auth))
#3 C:\xampp7.3.31\htdocs\personal\backend\system\CodeIgniter.php(326): CodeIgniter\CodeIgniter->handleRequest(NULL, Object(Config\Cache), false)
#4 C:\xampp7.3.31\htdocs\personal\backend\public\index.php(37): CodeIgniter\CodeIgniter->run()
#5 C:\xampp7.3.31\htdocs\personal\backend\system\Commands\Server\rewrite.php(43): require_once('C:\\xampp7.3.31\\...')
#6 {main}
CRITICAL - 2022-03-30 15:06:27 --> Trying to access array offset on value of type bool
#0 C:\xampp7.3.31\htdocs\personal\backend\app\Controllers\Auth.php(95): CodeIgniter\Debug\Exceptions->errorHandler(2, 'Trying to acces...', 'C:\\xampp7.3.31\\...', 95)
#1 C:\xampp7.3.31\htdocs\personal\backend\system\CodeIgniter.php(832): App\Controllers\Auth->Refresh()
#2 C:\xampp7.3.31\htdocs\personal\backend\system\CodeIgniter.php(419): CodeIgniter\CodeIgniter->runController(Object(App\Controllers\Auth))
#3 C:\xampp7.3.31\htdocs\personal\backend\system\CodeIgniter.php(326): CodeIgniter\CodeIgniter->handleRequest(NULL, Object(Config\Cache), false)
#4 C:\xampp7.3.31\htdocs\personal\backend\public\index.php(37): CodeIgniter\CodeIgniter->run()
#5 C:\xampp7.3.31\htdocs\personal\backend\system\Commands\Server\rewrite.php(43): require_once('C:\\xampp7.3.31\\...')
#6 {main}
CRITICAL - 2022-03-30 17:34:30 --> Call to undefined method App\Controllers\Kullanicilar::validation()
#0 C:\xampp7.3.31\htdocs\personal\backend\system\CodeIgniter.php(832): App\Controllers\Kullanicilar->create()
#1 C:\xampp7.3.31\htdocs\personal\backend\system\CodeIgniter.php(419): CodeIgniter\CodeIgniter->runController(Object(App\Controllers\Kullanicilar))
#2 C:\xampp7.3.31\htdocs\personal\backend\system\CodeIgniter.php(326): CodeIgniter\CodeIgniter->handleRequest(NULL, Object(Config\Cache), false)
#3 C:\xampp7.3.31\htdocs\personal\backend\public\index.php(37): CodeIgniter\CodeIgniter->run()
#4 C:\xampp7.3.31\htdocs\personal\backend\system\Commands\Server\rewrite.php(43): require_once('C:\\xampp7.3.31\\...')
#5 {main}
CRITICAL - 2022-03-30 17:39:39 --> Call to a member function getErrors() on null
#0 C:\xampp7.3.31\htdocs\personal\backend\system\CodeIgniter.php(832): App\Controllers\Kullanicilar->create()
#1 C:\xampp7.3.31\htdocs\personal\backend\system\CodeIgniter.php(419): CodeIgniter\CodeIgniter->runController(Object(App\Controllers\Kullanicilar))
#2 C:\xampp7.3.31\htdocs\personal\backend\system\CodeIgniter.php(326): CodeIgniter\CodeIgniter->handleRequest(NULL, Object(Config\Cache), false)
#3 C:\xampp7.3.31\htdocs\personal\backend\public\index.php(37): CodeIgniter\CodeIgniter->run()
#4 C:\xampp7.3.31\htdocs\personal\backend\system\Commands\Server\rewrite.php(43): require_once('C:\\xampp7.3.31\\...')
#5 {main}
CRITICAL - 2022-03-30 17:46:11 --> Undefined array key 0
#0 C:\xampp7.3.31\htdocs\personal\backend\app\Controllers\Kullanicilar.php(66): CodeIgniter\Debug\Exceptions->errorHandler(2, 'Undefined array...', 'C:\\xampp7.3.31\\...', 66)
#1 C:\xampp7.3.31\htdocs\personal\backend\system\CodeIgniter.php(832): App\Controllers\Kullanicilar->create()
#2 C:\xampp7.3.31\htdocs\personal\backend\system\CodeIgniter.php(419): CodeIgniter\CodeIgniter->runController(Object(App\Controllers\Kullanicilar))
#3 C:\xampp7.3.31\htdocs\personal\backend\system\CodeIgniter.php(326): CodeIgniter\CodeIgniter->handleRequest(NULL, Object(Config\Cache), false)
#4 C:\xampp7.3.31\htdocs\personal\backend\public\index.php(37): CodeIgniter\CodeIgniter->run()
#5 C:\xampp7.3.31\htdocs\personal\backend\system\Commands\Server\rewrite.php(43): require_once('C:\\xampp7.3.31\\...')
#6 {main}
CRITICAL - 2022-03-30 23:35:59 --> foreach() argument must be of type array|object, null given
#0 C:\xampp7.3.31\htdocs\personal\backend\system\HTTP\RequestTrait.php(233): CodeIgniter\Debug\Exceptions->errorHandler(2, 'foreach() argum...', 'C:\\xampp7.3.31\\...', 233)
#1 C:\xampp7.3.31\htdocs\personal\backend\system\HTTP\IncomingRequest.php(503): CodeIgniter\HTTP\Request->fetchGlobal('request', NULL, 516, 0)
#2 C:\xampp7.3.31\htdocs\personal\backend\system\Validation\Validation.php(350): CodeIgniter\HTTP\IncomingRequest->getVar()
#3 C:\xampp7.3.31\htdocs\personal\backend\system\Controller.php(160): CodeIgniter\Validation\Validation->withRequest(Object(CodeIgniter\HTTP\IncomingRequest))
#4 C:\xampp7.3.31\htdocs\personal\backend\app\Controllers\Kullanicilar.php(94): CodeIgniter\Controller->validate(Array)
#5 C:\xampp7.3.31\htdocs\personal\backend\system\CodeIgniter.php(832): App\Controllers\Kullanicilar->create()
#6 C:\xampp7.3.31\htdocs\personal\backend\system\CodeIgniter.php(419): CodeIgniter\CodeIgniter->runController(Object(App\Controllers\Kullanicilar))
#7 C:\xampp7.3.31\htdocs\personal\backend\system\CodeIgniter.php(326): CodeIgniter\CodeIgniter->handleRequest(NULL, Object(Config\Cache), false)
#8 C:\xampp7.3.31\htdocs\personal\backend\public\index.php(37): CodeIgniter\CodeIgniter->run()
#9 C:\xampp7.3.31\htdocs\personal\backend\system\Commands\Server\rewrite.php(43): require_once('C:\\xampp7.3.31\\...')
#10 {main}
CRITICAL - 2022-03-30 23:37:49 --> foreach() argument must be of type array|object, null given
#0 C:\xampp7.3.31\htdocs\personal\backend\system\HTTP\RequestTrait.php(233): CodeIgniter\Debug\Exceptions->errorHandler(2, 'foreach() argum...', 'C:\\xampp7.3.31\\...', 233)
#1 C:\xampp7.3.31\htdocs\personal\backend\system\HTTP\IncomingRequest.php(503): CodeIgniter\HTTP\Request->fetchGlobal('request', NULL, 516, 0)
#2 C:\xampp7.3.31\htdocs\personal\backend\system\Validation\Validation.php(350): CodeIgniter\HTTP\IncomingRequest->getVar()
#3 C:\xampp7.3.31\htdocs\personal\backend\system\Controller.php(160): CodeIgniter\Validation\Validation->withRequest(Object(CodeIgniter\HTTP\IncomingRequest))
#4 C:\xampp7.3.31\htdocs\personal\backend\app\Controllers\Kullanicilar.php(94): CodeIgniter\Controller->validate(Array)
#5 C:\xampp7.3.31\htdocs\personal\backend\system\CodeIgniter.php(832): App\Controllers\Kullanicilar->create()
#6 C:\xampp7.3.31\htdocs\personal\backend\system\CodeIgniter.php(419): CodeIgniter\CodeIgniter->runController(Object(App\Controllers\Kullanicilar))
#7 C:\xampp7.3.31\htdocs\personal\backend\system\CodeIgniter.php(326): CodeIgniter\CodeIgniter->handleRequest(NULL, Object(Config\Cache), false)
#8 C:\xampp7.3.31\htdocs\personal\backend\public\index.php(37): CodeIgniter\CodeIgniter->run()
#9 C:\xampp7.3.31\htdocs\personal\backend\system\Commands\Server\rewrite.php(43): require_once('C:\\xampp7.3.31\\...')
#10 {main}
CRITICAL - 2022-03-30 23:38:32 --> foreach() argument must be of type array|object, null given
#0 C:\xampp7.3.31\htdocs\personal\backend\system\HTTP\RequestTrait.php(233): CodeIgniter\Debug\Exceptions->errorHandler(2, 'foreach() argum...', 'C:\\xampp7.3.31\\...', 233)
#1 C:\xampp7.3.31\htdocs\personal\backend\system\HTTP\IncomingRequest.php(503): CodeIgniter\HTTP\Request->fetchGlobal('request', NULL, 516, 0)
#2 C:\xampp7.3.31\htdocs\personal\backend\system\Validation\Validation.php(350): CodeIgniter\HTTP\IncomingRequest->getVar()
#3 C:\xampp7.3.31\htdocs\personal\backend\system\Controller.php(160): CodeIgniter\Validation\Validation->withRequest(Object(CodeIgniter\HTTP\IncomingRequest))
#4 C:\xampp7.3.31\htdocs\personal\backend\app\Controllers\Kullanicilar.php(94): CodeIgniter\Controller->validate(Array)
#5 C:\xampp7.3.31\htdocs\personal\backend\system\CodeIgniter.php(832): App\Controllers\Kullanicilar->create()
#6 C:\xampp7.3.31\htdocs\personal\backend\system\CodeIgniter.php(419): CodeIgniter\CodeIgniter->runController(Object(App\Controllers\Kullanicilar))
#7 C:\xampp7.3.31\htdocs\personal\backend\system\CodeIgniter.php(326): CodeIgniter\CodeIgniter->handleRequest(NULL, Object(Config\Cache), false)
#8 C:\xampp7.3.31\htdocs\personal\backend\public\index.php(37): CodeIgniter\CodeIgniter->run()
#9 C:\xampp7.3.31\htdocs\personal\backend\system\Commands\Server\rewrite.php(43): require_once('C:\\xampp7.3.31\\...')
#10 {main}
CRITICAL - 2022-03-30 23:50:43 --> foreach() argument must be of type array|object, null given
#0 C:\xampp7.3.31\htdocs\personal\backend\system\HTTP\RequestTrait.php(233): CodeIgniter\Debug\Exceptions->errorHandler(2, 'foreach() argum...', 'C:\\xampp7.3.31\\...', 233)
#1 C:\xampp7.3.31\htdocs\personal\backend\system\HTTP\IncomingRequest.php(503): CodeIgniter\HTTP\Request->fetchGlobal('request', NULL, 516, 0)
#2 C:\xampp7.3.31\htdocs\personal\backend\system\Validation\Validation.php(350): CodeIgniter\HTTP\IncomingRequest->getVar()
#3 C:\xampp7.3.31\htdocs\personal\backend\system\Controller.php(160): CodeIgniter\Validation\Validation->withRequest(Object(CodeIgniter\HTTP\IncomingRequest))
#4 C:\xampp7.3.31\htdocs\personal\backend\app\Controllers\Kullanicilar.php(94): CodeIgniter\Controller->validate(Array)
#5 C:\xampp7.3.31\htdocs\personal\backend\system\CodeIgniter.php(832): App\Controllers\Kullanicilar->create()
#6 C:\xampp7.3.31\htdocs\personal\backend\system\CodeIgniter.php(419): CodeIgniter\CodeIgniter->runController(Object(App\Controllers\Kullanicilar))
#7 C:\xampp7.3.31\htdocs\personal\backend\system\CodeIgniter.php(326): CodeIgniter\CodeIgniter->handleRequest(NULL, Object(Config\Cache), false)
#8 C:\xampp7.3.31\htdocs\personal\backend\public\index.php(37): CodeIgniter\CodeIgniter->run()
#9 C:\xampp7.3.31\htdocs\personal\backend\system\Commands\Server\rewrite.php(43): require_once('C:\\xampp7.3.31\\...')
#10 {main}
CRITICAL - 2022-03-30 23:52:29 --> foreach() argument must be of type array|object, null given
#0 C:\xampp7.3.31\htdocs\personal\backend\system\HTTP\RequestTrait.php(233): CodeIgniter\Debug\Exceptions->errorHandler(2, 'foreach() argum...', 'C:\\xampp7.3.31\\...', 233)
#1 C:\xampp7.3.31\htdocs\personal\backend\system\HTTP\IncomingRequest.php(503): CodeIgniter\HTTP\Request->fetchGlobal('request', NULL, 516, 0)
#2 C:\xampp7.3.31\htdocs\personal\backend\system\Validation\Validation.php(350): CodeIgniter\HTTP\IncomingRequest->getVar()
#3 C:\xampp7.3.31\htdocs\personal\backend\system\Controller.php(160): CodeIgniter\Validation\Validation->withRequest(Object(CodeIgniter\HTTP\IncomingRequest))
#4 C:\xampp7.3.31\htdocs\personal\backend\app\Controllers\Kullanicilar.php(94): CodeIgniter\Controller->validate(Array)
#5 C:\xampp7.3.31\htdocs\personal\backend\system\CodeIgniter.php(832): App\Controllers\Kullanicilar->create()
#6 C:\xampp7.3.31\htdocs\personal\backend\system\CodeIgniter.php(419): CodeIgniter\CodeIgniter->runController(Object(App\Controllers\Kullanicilar))
#7 C:\xampp7.3.31\htdocs\personal\backend\system\CodeIgniter.php(326): CodeIgniter\CodeIgniter->handleRequest(NULL, Object(Config\Cache), false)
#8 C:\xampp7.3.31\htdocs\personal\backend\public\index.php(37): CodeIgniter\CodeIgniter->run()
#9 C:\xampp7.3.31\htdocs\personal\backend\system\Commands\Server\rewrite.php(43): require_once('C:\\xampp7.3.31\\...')
#10 {main}
CRITICAL - 2022-03-30 23:54:44 --> foreach() argument must be of type array|object, null given
#0 C:\xampp7.3.31\htdocs\personal\backend\system\HTTP\RequestTrait.php(233): CodeIgniter\Debug\Exceptions->errorHandler(2, 'foreach() argum...', 'C:\\xampp7.3.31\\...', 233)
#1 C:\xampp7.3.31\htdocs\personal\backend\system\HTTP\IncomingRequest.php(503): CodeIgniter\HTTP\Request->fetchGlobal('request', NULL, 516, 0)
#2 C:\xampp7.3.31\htdocs\personal\backend\system\Validation\Validation.php(350): CodeIgniter\HTTP\IncomingRequest->getVar()
#3 C:\xampp7.3.31\htdocs\personal\backend\system\Controller.php(160): CodeIgniter\Validation\Validation->withRequest(Object(CodeIgniter\HTTP\IncomingRequest))
#4 C:\xampp7.3.31\htdocs\personal\backend\app\Controllers\Kullanicilar.php(94): CodeIgniter\Controller->validate(Array)
#5 C:\xampp7.3.31\htdocs\personal\backend\system\CodeIgniter.php(832): App\Controllers\Kullanicilar->create()
#6 C:\xampp7.3.31\htdocs\personal\backend\system\CodeIgniter.php(419): CodeIgniter\CodeIgniter->runController(Object(App\Controllers\Kullanicilar))
#7 C:\xampp7.3.31\htdocs\personal\backend\system\CodeIgniter.php(326): CodeIgniter\CodeIgniter->handleRequest(NULL, Object(Config\Cache), false)
#8 C:\xampp7.3.31\htdocs\personal\backend\public\index.php(37): CodeIgniter\CodeIgniter->run()
#9 C:\xampp7.3.31\htdocs\personal\backend\system\Commands\Server\rewrite.php(43): require_once('C:\\xampp7.3.31\\...')
#10 {main}
CRITICAL - 2022-03-30 23:56:23 --> foreach() argument must be of type array|object, null given
#0 C:\xampp7.3.31\htdocs\personal\backend\system\HTTP\RequestTrait.php(233): CodeIgniter\Debug\Exceptions->errorHandler(2, 'foreach() argum...', 'C:\\xampp7.3.31\\...', 233)
#1 C:\xampp7.3.31\htdocs\personal\backend\system\HTTP\IncomingRequest.php(503): CodeIgniter\HTTP\Request->fetchGlobal('request', NULL, 516, 0)
#2 C:\xampp7.3.31\htdocs\personal\backend\system\Validation\Validation.php(350): CodeIgniter\HTTP\IncomingRequest->getVar()
#3 C:\xampp7.3.31\htdocs\personal\backend\system\Controller.php(160): CodeIgniter\Validation\Validation->withRequest(Object(CodeIgniter\HTTP\IncomingRequest))
#4 C:\xampp7.3.31\htdocs\personal\backend\app\Controllers\Kullanicilar.php(94): CodeIgniter\Controller->validate(Array)
#5 C:\xampp7.3.31\htdocs\personal\backend\system\CodeIgniter.php(832): App\Controllers\Kullanicilar->create()
#6 C:\xampp7.3.31\htdocs\personal\backend\system\CodeIgniter.php(419): CodeIgniter\CodeIgniter->runController(Object(App\Controllers\Kullanicilar))
#7 C:\xampp7.3.31\htdocs\personal\backend\system\CodeIgniter.php(326): CodeIgniter\CodeIgniter->handleRequest(NULL, Object(Config\Cache), false)
#8 C:\xampp7.3.31\htdocs\personal\backend\public\index.php(37): CodeIgniter\CodeIgniter->run()
#9 C:\xampp7.3.31\htdocs\personal\backend\system\Commands\Server\rewrite.php(43): require_once('C:\\xampp7.3.31\\...')
#10 {main}
