CRITICAL - 2022-03-28 02:33:06 --> Class "Config\Cors" not found
#0 C:\xampp7.3.31\htdocs\personal\backend\system\CodeIgniter.php(393): CodeIgniter\Filters\Filters->run('pages/login', 'before')
#1 C:\xampp7.3.31\htdocs\personal\backend\system\CodeIgniter.php(326): CodeIgniter\CodeIgniter->handleRequest(NULL, Object(Config\Cache), false)
#2 C:\xampp7.3.31\htdocs\personal\backend\public\index.php(37): CodeIgniter\CodeIgniter->run()
#3 C:\xampp7.3.31\htdocs\personal\backend\system\Commands\Server\rewrite.php(43): require_once('C:\\xampp7.3.31\\...')
#4 {main}
CRITICAL - 2022-03-28 02:34:15 --> Class "Config\Cors" not found
#0 C:\xampp7.3.31\htdocs\personal\backend\system\CodeIgniter.php(393): CodeIgniter\Filters\Filters->run('/', 'before')
#1 C:\xampp7.3.31\htdocs\personal\backend\system\CodeIgniter.php(326): CodeIgniter\CodeIgniter->handleRequest(NULL, Object(Config\Cache), false)
#2 C:\xampp7.3.31\htdocs\personal\backend\public\index.php(37): CodeIgniter\CodeIgniter->run()
#3 C:\xampp7.3.31\htdocs\personal\backend\system\Commands\Server\rewrite.php(43): require_once('C:\\xampp7.3.31\\...')
#4 {main}
CRITICAL - 2022-03-28 02:44:21 --> Undefined array key "kullanici_adi"
#0 C:\xampp7.3.31\htdocs\personal\backend\app\Controllers\Auth.php(56): CodeIgniter\Debug\Exceptions->errorHandler(2, 'Undefined array...', 'C:\\xampp7.3.31\\...', 56)
#1 C:\xampp7.3.31\htdocs\personal\backend\system\CodeIgniter.php(832): App\Controllers\Auth->login()
#2 C:\xampp7.3.31\htdocs\personal\backend\system\CodeIgniter.php(419): CodeIgniter\CodeIgniter->runController(Object(App\Controllers\Auth))
#3 C:\xampp7.3.31\htdocs\personal\backend\system\CodeIgniter.php(326): CodeIgniter\CodeIgniter->handleRequest(NULL, Object(Config\Cache), false)
#4 C:\xampp7.3.31\htdocs\personal\backend\public\index.php(37): CodeIgniter\CodeIgniter->run()
#5 C:\xampp7.3.31\htdocs\personal\backend\system\Commands\Server\rewrite.php(43): require_once('C:\\xampp7.3.31\\...')
#6 {main}
CRITICAL - 2022-03-28 02:45:14 --> Undefined array key "kullanici_adi"
#0 C:\xampp7.3.31\htdocs\personal\backend\app\Controllers\Auth.php(57): CodeIgniter\Debug\Exceptions->errorHandler(2, 'Undefined array...', 'C:\\xampp7.3.31\\...', 57)
#1 C:\xampp7.3.31\htdocs\personal\backend\system\CodeIgniter.php(832): App\Controllers\Auth->login()
#2 C:\xampp7.3.31\htdocs\personal\backend\system\CodeIgniter.php(419): CodeIgniter\CodeIgniter->runController(Object(App\Controllers\Auth))
#3 C:\xampp7.3.31\htdocs\personal\backend\system\CodeIgniter.php(326): CodeIgniter\CodeIgniter->handleRequest(NULL, Object(Config\Cache), false)
#4 C:\xampp7.3.31\htdocs\personal\backend\public\index.php(37): CodeIgniter\CodeIgniter->run()
#5 C:\xampp7.3.31\htdocs\personal\backend\system\Commands\Server\rewrite.php(43): require_once('C:\\xampp7.3.31\\...')
#6 {main}
CRITICAL - 2022-03-28 12:32:25 --> Undefined array key "REQUEST_METHOD"
#0 C:\xampp7.3.31\htdocs\personal\backend\app\Config\Routes.php(7): CodeIgniter\Debug\Exceptions->errorHandler(2, 'Undefined array...', 'C:\\xampp7.3.31\\...', 7)
#1 C:\xampp7.3.31\htdocs\personal\backend\system\CodeIgniter.php(713): require('C:\\xampp7.3.31\\...')
#2 C:\xampp7.3.31\htdocs\personal\backend\system\CodeIgniter.php(368): CodeIgniter\CodeIgniter->tryToRouteIt(NULL)
#3 C:\xampp7.3.31\htdocs\personal\backend\system\CodeIgniter.php(326): CodeIgniter\CodeIgniter->handleRequest(NULL, Object(Config\Cache), false)
#4 C:\xampp7.3.31\htdocs\personal\backend\system\CLI\Console.php(48): CodeIgniter\CodeIgniter->run()
#5 C:\xampp7.3.31\htdocs\personal\backend\spark(63): CodeIgniter\CLI\Console->run()
#6 {main}
CRITICAL - 2022-03-28 12:50:17 --> Undefined array key "REQUEST_METHOD"
#0 C:\xampp7.3.31\htdocs\personal\backend\app\Config\Routes.php(7): CodeIgniter\Debug\Exceptions->errorHandler(2, 'Undefined array...', 'C:\\xampp7.3.31\\...', 7)
#1 C:\xampp7.3.31\htdocs\personal\backend\system\CodeIgniter.php(713): require('C:\\xampp7.3.31\\...')
#2 C:\xampp7.3.31\htdocs\personal\backend\system\CodeIgniter.php(368): CodeIgniter\CodeIgniter->tryToRouteIt(NULL)
#3 C:\xampp7.3.31\htdocs\personal\backend\system\CodeIgniter.php(326): CodeIgniter\CodeIgniter->handleRequest(NULL, Object(Config\Cache), false)
#4 C:\xampp7.3.31\htdocs\personal\backend\system\CLI\Console.php(48): CodeIgniter\CodeIgniter->run()
#5 C:\xampp7.3.31\htdocs\personal\backend\spark(63): CodeIgniter\CLI\Console->run()
#6 {main}
CRITICAL - 2022-03-28 12:51:09 --> Undefined array key "REQUEST_METHOD"
#0 C:\xampp7.3.31\htdocs\personal\backend\app\Config\Routes.php(8): CodeIgniter\Debug\Exceptions->errorHandler(2, 'Undefined array...', 'C:\\xampp7.3.31\\...', 8)
#1 C:\xampp7.3.31\htdocs\personal\backend\system\CodeIgniter.php(713): require('C:\\xampp7.3.31\\...')
#2 C:\xampp7.3.31\htdocs\personal\backend\system\CodeIgniter.php(368): CodeIgniter\CodeIgniter->tryToRouteIt(NULL)
#3 C:\xampp7.3.31\htdocs\personal\backend\system\CodeIgniter.php(326): CodeIgniter\CodeIgniter->handleRequest(NULL, Object(Config\Cache), false)
#4 C:\xampp7.3.31\htdocs\personal\backend\system\CLI\Console.php(48): CodeIgniter\CodeIgniter->run()
#5 C:\xampp7.3.31\htdocs\personal\backend\spark(63): CodeIgniter\CLI\Console->run()
#6 {main}
